<?xml version="1.0" encoding="UTF-8"?>
<persistence version="2.0"
             xmlns="http://java.sun.com/xml/ns/persistence" xmlns:xsi="http://www.w3.org/2001/XMLSchema-instance"
             xsi:schemaLocation="http://java.sun.com/xml/ns/persistence http://java.sun.com/xml/ns/persistence/persistence_2_0.xsd">
    <persistence-unit name="operational" transaction-type="JTA">
        <provider>org.eclipse.persistence.jpa.PersistenceProvider</provider>
        <jta-data-source>jdbc/ms</jta-data-source>	
        <validation-mode>NONE</validation-mode>
        <properties>
            <!--
            <property name="eclipselink.ddl-generation" value="create-or-extend-tables"/>
            -->
            <property name="eclipselink.ddl-generation" value="create-tables"/>
            <property name="eclipselink.cache.shared.default" value="false" />
            <property name="eclipselink.logging.level" value="FINE" />
            <property name="eclipselink.logging.level.sql" value="FINE" />
            <property name="eclipselink.logging.parameters" value="true" />
            <property name="eclipselink.jdbc.batch-writing" value="JDBC" />
            <property name="eclipselink.jdbc.batch-writing.size" value="1000" />
        </properties>
    </persistence-unit>
</persistence>